<?xml version="1.0" encoding="UTF-8" ?>
<testsuite errors="0" failures="0" hostname="MacAirHeWu.local" name="org.hermit.test.geo.PoiTest" tests="1" time="0.087" timestamp="2013-05-19T02:48:26">
  <properties>
[...]
</properties>
  <testcase classname="org.hermit.test.geo.PoiTest" name="testPoi" time="0.041" />
  <system-out><![CDATA[  90.000 -> The North Pole
  90.000 -> The North Pole
  89.999 -> The Arctic, 196 feet south of The North Pole
  89.996 -> The Arctic, 0.2 nm south of The North Pole
  89.935 -> The Arctic, 3.9 nm south of The North Pole
  88.072 -> The Arctic, 116 nm south of The North Pole
  86.167 -> The Arctic
  70.394 -> The Arctic
  68.488 -> The Arctic, 116 nm north of The Arctic Circle
  66.625 -> The Arctic, 3.9 nm north of The Arctic Circle
  66.564 -> The Arctic, 0.2 nm north of The Arctic Circle
  66.561 -> The Arctic, 196 feet north of The Arctic Circle
  66.561 -> The Arctic Circle
  66.561 -> The Arctic Circle
  66.560 -> The Arctic Circle
  66.560 -> 196 feet south of The Arctic Circle
  66.557 -> 0.2 nm south of The Arctic Circle
  66.496 -> 3.9 nm south of The Arctic Circle
  64.633 -> 116 nm south of The Arctic Circle
  62.727 -> 230 nm south of The Arctic Circle
  27.273 -> 230 nm north of The Tropic of Cancer
  25.367 -> 116 nm north of The Tropic of Cancer
  23.504 -> 3.9 nm north of The Tropic of Cancer
  23.443 -> 0.2 nm north of The Tropic of Cancer
  23.440 -> 196 feet north of The Tropic of Cancer
  23.440 -> The Tropic of Cancer
  23.439 -> The Tropic of Cancer
  23.439 -> The Tropic of Cancer
  23.439 -> The Northern Tropics, 196 feet south of The Tropic of Cancer
  23.436 -> The Northern Tropics, 0.2 nm south of The Tropic of Cancer
  23.375 -> The Northern Tropics, 3.9 nm south of The Tropic of Cancer
  21.512 -> The Northern Tropics, 116 nm south of The Tropic of Cancer
  19.606 -> The Northern Tropics
   3.833 -> The Northern Tropics
   1.928 -> The Northern Tropics, 116 nm north of The Equator
   0.065 -> The Northern Tropics, 3.9 nm north of The Equator
   0.004 -> The Northern Tropics, 0.2 nm north of The Equator
   0.001 -> The Northern Tropics, 196 feet north of The Equator
   0.000 -> The Equator
   0.000 -> The Equator
  -0.000 -> The Equator
  -0.001 -> The Southern Tropics, 196 feet south of The Equator
  -0.004 -> The Southern Tropics, 0.2 nm south of The Equator
  -0.065 -> The Southern Tropics, 3.9 nm south of The Equator
  -1.928 -> The Southern Tropics, 116 nm south of The Equator
  -3.833 -> The Southern Tropics
 -19.606 -> The Southern Tropics
 -21.512 -> The Southern Tropics, 116 nm north of The Tropic of Capricorn
 -23.375 -> The Southern Tropics, 3.9 nm north of The Tropic of Capricorn
 -23.436 -> The Southern Tropics, 0.2 nm north of The Tropic of Capricorn
 -23.439 -> The Southern Tropics, 196 feet north of The Tropic of Capricorn
 -23.439 -> The Tropic of Capricorn
 -23.439 -> The Tropic of Capricorn
 -23.440 -> The Tropic of Capricorn
 -23.440 -> 196 feet south of The Tropic of Capricorn
 -23.443 -> 0.2 nm south of The Tropic of Capricorn
 -23.504 -> 3.9 nm south of The Tropic of Capricorn
 -25.367 -> 116 nm south of The Tropic of Capricorn
 -27.273 -> 230 nm south of The Tropic of Capricorn
 -36.167 -> 628 nm west of The Greenwich Meridian
 -38.072 -> 613 nm west of The Greenwich Meridian
 -39.935 -> 597 nm west of The Greenwich Meridian
 -39.996 -> 596 nm west of The Greenwich Meridian
 -39.999 -> 596 nm west of The Greenwich Meridian
 -40.000 -> 596 nm west of The Greenwich Meridian
 -40.000 -> The Roaring Forties
 -40.000 -> The Roaring Forties
 -40.001 -> The Roaring Forties
 -40.004 -> The Roaring Forties
 -40.065 -> The Roaring Forties
 -41.928 -> The Roaring Forties
 -43.833 -> The Roaring Forties
 -46.167 -> The Roaring Forties
 -48.072 -> The Roaring Forties
 -49.935 -> The Roaring Forties
 -49.996 -> The Roaring Forties
 -49.999 -> The Roaring Forties
 -50.000 -> The Roaring Forties
 -50.000 -> The Roaring Forties
 -50.000 -> The Furious Fifties
 -50.001 -> The Furious Fifties
 -50.004 -> The Furious Fifties
 -50.065 -> The Furious Fifties
 -51.928 -> The Furious Fifties
 -53.833 -> The Furious Fifties
 -62.727 -> The Screaming Sixties
 -64.633 -> The Screaming Sixties, 116 nm north of The Antarctic Circle
 -66.496 -> The Screaming Sixties, 3.9 nm north of The Antarctic Circle
 -66.557 -> The Screaming Sixties, 0.2 nm north of The Antarctic Circle
 -66.560 -> The Screaming Sixties, 196 feet north of The Antarctic Circle
 -66.560 -> The Antarctic Circle
 -66.561 -> The Antarctic Circle
 -66.561 -> The Antarctic Circle
 -66.561 -> The Antarctic, 196 feet south of The Antarctic Circle
 -66.564 -> The Antarctic, 0.2 nm south of The Antarctic Circle
 -66.625 -> The Antarctic, 3.9 nm south of The Antarctic Circle
 -68.488 -> The Antarctic, 116 nm south of The Antarctic Circle
 -70.394 -> The Antarctic
 -86.167 -> The Antarctic
 -88.072 -> The Antarctic, 116 nm north of The South Pole
 -89.935 -> The Antarctic, 3.9 nm north of The South Pole
 -89.996 -> The Antarctic, 0.2 nm north of The South Pole
 -89.999 -> The Antarctic, 196 feet north of The South Pole
 -90.000 -> The South Pole
 -90.000 -> The South Pole

 -43.317,-122.883 -> The Roaring Forties
 -45.222,-124.789 -> The Roaring Forties, 141 nm from R'lyeh
 -47.085,-126.652 -> The Roaring Forties, 4.7 nm from R'lyeh
 -47.146,-126.713 -> The Roaring Forties, 0.3 nm from R'lyeh
 -47.149,-126.716 -> The Roaring Forties, 238 feet from R'lyeh
 -47.150,-126.717 -> The Roaring Forties, 68 feet from R'lyeh
 -47.150,-126.717 -> R'lyeh
 -47.150,-126.717 -> The Roaring Forties, 68 feet from R'lyeh
 -47.151,-126.717 -> The Roaring Forties, 238 feet from R'lyeh
 -47.154,-126.720 -> The Roaring Forties, 0.3 nm from R'lyeh
 -47.215,-126.781 -> The Roaring Forties, 4.7 nm from R'lyeh
 -49.078,-128.645 -> The Roaring Forties, 139 nm from R'lyeh
 -50.983,-130.550 -> The Furious Fifties
]]></system-out>
  <system-err><![CDATA[]]></system-err>
</testsuite>
