<?xml version="1.0" encoding="UTF-8" ?>
<testsuite errors="0" failures="0" hostname="MacAirHeWu.local" name="org.hermit.test.astro.TestPosition" tests="11" time="0.078" timestamp="2013-05-19T02:27:36">
  <properties>
[...]
</properties>
  <testcase classname="org.hermit.test.astro.TestPosition" name="testVenusHe" time="0.026" />
  <testcase classname="org.hermit.test.astro.TestPosition" name="testSunEq" time="0.0" />
  <testcase classname="org.hermit.test.astro.TestPosition" name="testMoonEq" time="0.0" />
  <testcase classname="org.hermit.test.astro.TestPosition" name="testMercuryEq" time="0.0" />
  <testcase classname="org.hermit.test.astro.TestPosition" name="testVenusEq" time="0.0" />
  <testcase classname="org.hermit.test.astro.TestPosition" name="testMarsEq" time="0.001" />
  <testcase classname="org.hermit.test.astro.TestPosition" name="testJupiterEq" time="0.0" />
  <testcase classname="org.hermit.test.astro.TestPosition" name="testSaturnEq" time="0.001" />
  <testcase classname="org.hermit.test.astro.TestPosition" name="testUranusEq" time="0.0" />
  <testcase classname="org.hermit.test.astro.TestPosition" name="testNeptuneEq" time="0.001" />
  <testcase classname="org.hermit.test.astro.TestPosition" name="testVenusHoriz" time="0.0" />
  <system-out><![CDATA[]]></system-out>
  <system-err><![CDATA[]]></system-err>
</testsuite>
